________________________________________________________________________________
 THE FRACTIONS OF SECONDARY STRUCTURES FROM THE CONTIN METHOD
  Provencher & Glockner, Biochemstry. 20, 33-37(1981)
     Program Modified by Sreerama. N.(Anal.Biochem.,287,252,2000)
     For use with CDPro reference proteins

       BASIS SET OPTIONS AVAILABLE
      _________________________________________________________
      |                                                       |
      | IBasis Ref.Set  Proteins   Secondary Structre WaveLen |
      |    1   SP29   29-SOLUBLE     H1,H2,S1,S2,T,U  178-260 |
      |    2   SP22X  22-SOLUBLE     H,3-10,S,T,P2,U  178-260 |
      |    3   SP37   37-SOLUBLE     H1,H2,S1,S2,T,U  185-240 |
      |    4   SP43   43-SOLUBLE     H1,H2,S1,S2,T,U  190-240 |
      |    5   SP37A  37-SOLUBLE       H,S,P2,T,U     185-240 |
      |    6   SDP42  SP37,5 Denatrd  H1,H2,S1,S2,T,U 185-240 |
      |    7   SDP48  SP43,5 Denatrd  H1,H2,S1,S2,T,U 190-240 |
      |    8   CLSTR  Soluble/Denatr. H1,H2,S1,S2,T,U 190-240 |
      |    9   SMP50  SP37,13 Membran H1,H2,S1,S2,T,U 185-240 |
      |   10   SMP56  SP43,13 Membran H1,H2,S1,S2,T,U 190-240 |
      |_______________________________________________________|
    IPrint  IBasis  
         0       9

    Reference PROTEIN Set Selected: SMP50
                50 Proteins - 37 Soluble + 13 Membrane
    Structures: Helix1, Helix2, Strand1, Strand2, Turns and Unordered


    NUMBER of Segments Calculated

    SUMMARY in ProtSS.out
        Contains Sec. Str. Fractions, RMSD and NRMSD
        RMSD and Normalized-RMSD between Exp and Calc CD spectra
    NRMSD from the three programs generally vary in the order:
        CONTINLL < CDSSTR < SELCON3
    Use CAUTION in drawing CONCLUSIONS from RMSD/NRMSD
________________________________________________________________________________

 Triose Phosphate Isomerase (Test: 245-185 nm)              


 The wavelength range:   245.0  185.0, is different from that of
 the Database proteins:  240.0  185.0
 The No. of CD points =   61

 The wavelengths are modified to be within the valid range

 Beginning wavelength:  240.00; Ending wavelength:  185.00
 Total No of CD points  56
 Secondary structural elements=   6
 Multipilcation FACTOR for CD spectrum= 1.000



 SAMPLE CD:   Triose Phosphate Isomerase (T

   -.60   -.73   -.90  -1.11  -1.35  -1.61  -1.88  -2.18  -2.50  -2.84
  -3.20  -3.55  -3.88  -4.16  -4.40  -4.61  -4.80  -4.96  -5.08  -5.16
  -5.20  -5.22  -5.20  -5.12  -5.00  -4.85  -4.70  -4.58  -4.50  -4.46
  -4.40  -4.26  -4.00  -3.60  -3.00  -2.19  -1.20   -.10   1.10   2.40
   3.75   5.14   6.60   8.12   9.40  10.17  10.50  10.54  10.30   9.78
   9.10   8.37   7.60   6.80   5.97   5.13

 Beginning wavelength:  240.00; Ending wavelength:  185.00
 Total No of CD points  56
 Secondary structural elements=   6
 Multipilcation FACTOR for CD spectrum= 1.000
________________________________________________________________________________


  Ordered DELTA(CD) values :
   .855  1.153  1.301  1.433  1.469  1.550  1.627  1.701  1.802  2.100
  2.226  2.268  2.300  2.379  2.458  2.683  2.757  2.813  2.960  2.961
  2.969  2.993  3.013  3.062  3.102  3.284  3.302  3.573  3.727  3.806
  3.872  3.947  4.069  4.074  4.075  4.127  4.253  4.310  4.414  4.646
  4.708  4.756  5.159  5.672  5.677  5.778  5.830  5.899  6.134


  Ordered List of PROTEINS :
   LDH    T4LS   THML   HMRT   AntC   CyCO   PGK    UCCR   Rhod   RHD 
   SUBN   RC_S   CA2+   HBN    ECOR   LYSM   CYTC   ColA   RC_V   GPD 
   SUBB   PS_I   ADH    BRho   FLVD   AZU    GRS    PhoE   BLAC   P_Cp
   RNAS   GFP    PAPN   PRAL   IFBP   MGLB   CONA   OMPF   PPSN   LamB
   SUDS   TNF    CHYT   BNJN   GCR    CGA    ELAS   CANH   BTOX

--------------------------------------------------------------------------------

  Solutions from CONTIN-LL Method

 Soln. with ALL Prot:    .317    .157    .100    .053    .150    .224



  ALL SOLUTIONS
 Prot   H(r)    H(d)    S(r)    S(d)    Turn    Unrd
    1    .317    .157    .100    .053    .150    .224
    2    .318    .156    .094    .052    .150    .231
    3    .320    .156    .093    .051    .150    .230
    4    .320    .156    .094    .051    .149    .230
    5    .320    .156    .094    .051    .149    .229
    6    .319    .153    .097    .050    .153    .227
    7    .309    .152    .102    .053    .155    .229
    8    .310    .150    .104    .053    .153    .230
    9    .310    .151    .104    .052    .154    .229
   10    .308    .147    .107    .052    .156    .230
   11    .316    .141    .107    .054    .161    .221
   12    .317    .141    .107    .054    .161    .220
   13    .318    .140    .104    .055    .160    .223
   14    .328    .146    .094    .050    .157    .224
   15    .333    .150    .077    .047    .162    .231
   16    .333    .150    .076    .046    .163    .232
   17    .333    .150    .076    .047    .162    .232
   18    .332    .150    .076    .047    .164    .231
   19    .328    .148    .082    .047    .162    .233
   20    .328    .148    .081    .047    .163    .233
   21    .333    .151    .058    .047    .168    .243
   22    .331    .151    .063    .048    .167    .241
   23    .322    .147    .053    .050    .176    .252
   24    .336    .153    .053    .047    .168    .243
   25    .335    .153    .052    .048    .167    .245
   26    .333    .154    .050    .046    .166    .252
   27    .329    .154    .049    .045    .167    .255
   28    .348    .165    .045    .042    .161    .240
   29    .347    .164    .045    .042    .161    .241
   30    .345    .164    .044    .042    .162    .242
   31    .344    .167    .041    .041    .164    .243
   32    .346    .168    .040    .040    .163    .242
   33    .334    .164    .044    .045    .172    .242
   34    .333    .161    .047    .048    .172    .238
   35    .334    .163    .045    .047    .174    .237
   36    .330    .163    .043    .048    .176    .239
   37    .326    .162    .045    .049    .176    .242
   38    .324    .161    .044    .049    .177    .244
   39    .324    .162    .044    .049    .176    .245
   40    .342    .167    .044    .049    .164    .233
   41    .353    .167    .047    .050    .161    .223
   42    .354    .169    .049    .050    .156    .222
   43    .361    .170    .049    .050    .153    .218
   44    .379    .168    .052    .049    .140    .211

 HMin:   .481  HMax:   .540

 VALID SOLUTIONS:

ISol   N    H(r)    H(d)    S(r)    S(d)    Turn    Unrd

  35   1    .333    .150    .077    .047    .162    .231
  34   2    .333    .150    .076    .046    .163    .232
  33   3    .333    .150    .076    .047    .162    .232
  32   4    .332    .150    .076    .047    .164    .231
  29   5    .333    .151    .058    .047    .168    .243
  28   6    .331    .151    .063    .048    .167    .241
  26   7    .336    .153    .053    .047    .168    .243
  25   8    .335    .153    .052    .048    .167    .245
  24   9    .333    .154    .050    .046    .166    .252
  23  10    .329    .154    .049    .045    .167    .255
  22  11    .348    .165    .045    .042    .161    .240
  21  12    .347    .164    .045    .042    .161    .241
  20  13    .345    .164    .044    .042    .162    .242
  19  14    .344    .167    .041    .041    .164    .243
  18  15    .346    .168    .040    .040    .163    .242
  17  16    .334    .164    .044    .045    .172    .242
  16  17    .333    .161    .047    .048    .172    .238
  15  18    .334    .163    .045    .047    .174    .237
  14  19    .330    .163    .043    .048    .176    .239
  13  20    .326    .162    .045    .049    .176    .242
  12  21    .324    .161    .044    .049    .177    .244
  11  22    .324    .162    .044    .049    .176    .245
  10  23    .342    .167    .044    .049    .164    .233
   9  24    .353    .167    .047    .050    .161    .223
   8  25    .354    .169    .049    .050    .156    .222
   7  26    .361    .170    .049    .050    .153    .218

AVE(26):    .337    .160    .052    .046    .166    .238

________________________________________________________________________________


          LEGEND: **** Calc. CD; oooo Expt. CD; .... Diff. CD
    11.+-------oo-------------------------------------------------+
       |     oo**oo                                               |
       |  oo      *                                               |
       | o         o                                              |
       |o           o                                             |
       o             o                                            |
       |              *                                           |
       |              o                                           |
       |               o                                          |
       |                 o                                        |
       .....-...........-...........-...........-...........-......
       |                   o                                 oooooo
       |                    o                            ooo *    |
       |                     oo                      *ooo         |
       |                       ooooo ooo**     o ooooo            |
       |                                ooooooo                   |
       |                                                          |
       |                                                          |
       |                                                          |
       |                                                          |
   -11.+-----+-----+-----+-----+-----+-----+-----+-----+-----+----+
       185.  Wavelength at Intervals of: 5.5 nm                  240.


 RMSD between Expt. & Calc. CD=   .101
 NRMSD betwen Expt. & Calc. CD=   .019

--------------------------------------------------------------------------------


     +--------------------------------------------------+
     |  Based on the SOLUTION the Number of SEGMENTS of |
     |   HELICES (Per 100 Residues) are:     3.993      |
     |   STRANDS (Per