#
# PRINT    IBasis    
      0         1          
#
#  ONE Title Line
 A New Data File
#
#     WL_Begin     WL_End       Factor
    250.0000    186.0000      1.0000
#
# CDDATA (Long->Short Wavelength; 260 - 178 LIMITS
   0.077   0.069   0.062   0.058   0.056   0.058   0.061   0.065   0.068   0.069
   0.064   0.053   0.033   0.005  -0.029  -0.066  -0.103  -0.137  -0.172  -0.209
  -0.253  -0.308  -0.376  -0.459  -0.554  -0.658  -0.767  -0.876  -0.983  -1.085
  -1.181  -1.271  -1.352  -1.423  -1.485  -1.543  -1.601  -1.663  -1.730  -1.799
  -1.865  -1.925  -1.977  -2.020  -2.048  -2.054  -2.030  -1.965  -1.852  -1.691
  -1.491  -1.268  -1.046  -0.845  -0.683  -0.568  -0.500  -0.468  -0.459  -0.456
  -0.445  -0.424  -0.397  -0.371  -0.355
#
#  IGuess  Str1   Str2   Str3   Str4   Str5    Str6
        0