________________________________________________________________________________
 THE FRACTIONS OF SECONDARY STRUCTURES FROM THE SELF-CONSISTENT METHOD
    Sreerama and Woody, Anal. Biochem. (1993), 209, 32
    Sreerama and Woody, Biochemistry, 33, 10022-25, (1994),
    Sreerama et al. Protein  Science, 8, 370-380, (1999),
    Johnson W.C.Jr.,Proteins:Str.Func.Genet.35,307-312(1999)

       BASIS SET OPTIONS AVAILABLE
      _________________________________________________________
      |                                                       |
      | IBasis Ref.Set  Proteins   Secondary Structre WaveLen |
      |    1   SP29   29-SOLUBLE     H1,H2,S1,S2,T,U  178-260 |
      |    2   SP22X  22-SOLUBLE     H,3-10,S,T,P2,U  178-260 |
      |    3   SP37   37-SOLUBLE     H1,H2,S1,S2,T,U  185-240 |
      |    4   SP43   43-SOLUBLE     H1,H2,S1,S2,T,U  190-240 |
      |    5   SP37A  37-SOLUBLE       H,S,P2,T,U     185-240 |
      |    6   SDP42  SP37,5 Denatrd  H1,H2,S1,S2,T,U 185-240 |
      |    7   SDP48  SP43,5 Denatrd  H1,H2,S1,S2,T,U 190-240 |
      |    8   CLSTR  Soluble/Denatr. H1,H2,S1,S2,T,U 190-240 |
      |    9   SMP50  SP37,13 Membran H1,H2,S1,S2,T,U 185-240 |
      |   10   SMP56  SP43,13 Membran H1,H2,S1,S2,T,U 190-240 |
      |_______________________________________________________|
    IPrint  IBasis  
         0       9

    Reference PROTEIN Set Selected: SMP50
                50 Proteins- 37 Soluble and 13 Membrane
    Structures: Helix1, Helix2, Strand1, Strand2, Turns and Unordered
                Total Helix contet = Helix1 + Helix2
                Total Sheet contet = Strand1 + Strand2

    NUMBER of Segments Calculated

    SUMMARY in ProtSS.out
        Contains Sec. Str. Fractions, RMSD and NRMSD
        RMSD and Normalized-RMSD between Exp and Calc CD spectra
    NRMSD from the three programs generally vary in the order:
        CONTINLL < CDSSTR < SELCON3
    Use CAUTION in drawing CONCLUSIONS from RMSD/NRMSD

________________________________________________________________________________

 Triose Phosphate Isomerase (Test: 245-185 nm)                  


 The wavelength range:   245.0  185.0, is different from that of
 the Database proteins:  240.0  185.0
 The No. of CD points =   61

 The wavelengths are modified to be within the valid range

 Beginning wavelength:  240.00; Ending wavelength:  185.00
 Total No of CD points  56


 Beginning wavelength:  240.00; Ending wavelength:  185.00
 Total No of CD points  56
 Secondary structural elements=   6
 Multipilcation FACTOR for CD spectrum= 1.000



 SAMPLE CD: Protein -  Triose Phosphate Isomerase (Test: 245-1

   -.60   -.73   -.90  -1.11  -1.35  -1.61  -1.88  -2.18  -2.50  -2.84
  -3.20  -3.55  -3.88  -4.16  -4.40  -4.61  -4.80  -4.96  -5.08  -5.16
  -5.20  -5.22  -5.20  -5.12  -5.00  -4.85  -4.70  -4.58  -4.50  -4.46
  -4.40  -4.26  -4.00  -3.60  -3.00  -2.19  -1.20   -.10   1.10   2.40
   3.75   5.14   6.60   8.12   9.40  10.17  10.50  10.54  10.30   9.78
   9.10   8.37   7.60   6.80   5.97   5.13

 Number of Proteins in the database=  50

 The SAMPLE data for:   Triose Phosphate Isomerase (Test: 245-1


  Ordered DELTA(CD) values :
     .0000   .8554  1.1534  1.3006  1.4334  1.4694  1.5499  1.6274
    1.7008  1.8021  2.1001  2.2260  2.2685  2.3004  2.3785  2.4581
    2.6828  2.7568  2.8134  2.9602  2.9612  2.9689  2.9931  3.0126
    3.0618  3.1019  3.2839  3.3021  3.5729  3.7272  3.8059  3.8724
    3.9472  4.0693  4.0742  4.0747  4.1267  4.2532  4.3099  4.4140
    4.6462  4.7081  4.7562  5.1585  5.6720  5.6775  5.7779  5.8298
    5.8992  6.1338


  Ordered List of PROTEINS :
     Tri    LDH     T4LS    THML    HMRT    AntC    CyCO    PGK 
    UCCR    Rhod    RHD     SUBN    RC_S    CA2+    HBN     ECOR
    LYSM    CYTC    ColA    RC_V    GPD     SUBB    PS_I    ADH 
    BRho    FLVD    AZU     GRS     PhoE    BLAC    P_Cp    RNAS
    GFP     PAPN    PRAL    IFBP    MGLB    CONA    OMPF    PPSN
    LamB    SUDS    TNF     CHYT    BNJN    GCR     CGA     ELAS
    CANH    BTOX


 IGUESS = 0; The structure of the Protein with closest CD spectrum: LDH 

 Initial Guess:    .277    .161    .088    .073    .155    .246
________________________________________________________________________________

 Solution Corresponding to All proteins in the Basis and 5 SVD vectors
 This corresponds to Hennessey and Johnson Method

        H(r)   H(d)   S(r)   S(d)   Trn    Unrd   SUM 
        .309   .168   .162   .080   .199   .285  1.202

 Helix From H & J Method:    .477

________________________________________________________________________________


 FIRST STAGE:
 Solutions With FIRST TWO Selection Rules:
 This is for the First 19 Iterations only
 Constraints relaxed to get a MIN # of Solns



      TOTAL LL SOLUTIONS: 345

 ITER: 1; AVE OF 139 SOLN:   .348   .168   .049   .044   .159   .231
 SUM of SECNDRY STRUCTURE:   .998
 RMSD with Previous Guess:   .0357

 ITER: 2; AVE OF 139 SOLN:   .354   .168   .045   .042   .159   .230
 SUM of SECNDRY STRUCTURE:   .998
 RMSD with Previous Guess:   .0033

 SOLN. CONVERGED:  0 ITERATIONS


 MinSol:  1  SUM <   .050

  Solution at the END of FIRST STAGE:

      H(r)   H(d)   S(r)   S(d)   Trn    Unrd   SUM 
      .354   .168   .045   .042   .159   .230   .998


 First Part Completed.  The results roughly correspond
 to SELCON and SELCON1 with only 2 selection rules

________________________________________________________________________________

  SECOND STAGE:
  SOLUTIONS THAT SATISLY THREE SELECTION RULES:


   I NSol Bas NS   H(r)   H(d)   S(r)   S(d)   Trn    Unrd   SUM    RRcn   RExp
   1   3   6  3   .357   .176   .053   .040   .127   .213   .967   .209   .080
   2  26  11  1   .367   .161   .035   .036   .148   .211   .959   .494   .044
   3  27  11  2   .345   .161   .037   .042   .157   .228   .971   .364   .210
   4  28  11  3   .345   .163   .036   .040   .152   .221   .958   .209   .211
   5  29  11  4   .346   .163   .036   .039   .150   .217   .951   .208   .232
   6  30  11  5   .334   .171   .045   .045   .154   .220   .971   .100   .275
   7  31  11  6   .335   .172   .045   .045   .153   .219   .969   .084   .279
   8  32  11  7   .366   .168   .060   .056   .155   .233  1.038   .082   .207
   9  34  12  1   .362   .161   .038   .039   .159   .223   .981   .494   .045
  10  35  12  2   .340   .162   .039   .044   .166   .238   .989   .364   .214
  11  36  12  3   .342   .164   .038   .041   .157   .227   .968   .209   .214
  12  37  12  4   .343   .163   .037   .041   .155   .223   .961   .208   .239
  13  38  12  5   .323   .173   .051   .051   .171   .239  1.008   .100   .276
  14  39  12  6   .312   .170   .055   .055   .185   .255  1.031   .084   .331
  15  42  13  1   .366   .165   .038   .039   .160   .229   .997   .494   .076
  16  44  13  3   .341   .161   .037   .041   .158   .225   .964   .209   .512
  17  45  13  4   .341   .160   .037   .041   .157   .223   .959   .208   .523
  18  46  13  5   .323   .173   .051   .051   .171   .238  1.006   .100   .531
  19  47  13  6   .311   .169   .055   .056   .185   .253  1.029   .084   .580
  20  50  14  1   .369   .167   .041   .041   .165   .232  1.015   .494   .095
  21  52  14  3   .341   .161   .038   .042   .158   .226   .966   .209   .520
  22  53  14  4   .342   .160   .037   .041   .157   .223   .961   .208   .536
  23  54  14  5   .329   .172   .051   .050   .173   .237  1.013   .100   .590
  24  55  14  6   .322   .170   .054   .053   .182   .246  1.027   .084   .632
  25  58  15  1   .370   .166   .036   .036   .153   .214   .974   .494   .083
  26  62  15  5   .335   .167   .043   .043   .156   .212   .956   .100   .603
  27  63  15  6   .321   .167   .053   .053   .182   .245  1.021   .084   .645
  28  66  16  1   .369   .167   .039   .038   .158   .220   .991   .494   .077
  29  68  16  3   .350   .163   .040   .041   .157   .222   .974   .209   .455
  30  69  16  4   .350   .163   .041   .042   .160   .224   .980   .208   .458
  31  70  16  5   .340   .173   .052   .048   .168   .227  1.007   .100   .510
  32  73  16  8   .307   .158   .049   .059   .208   .269  1.049   .075   .505
  33  74  17  1   .369   .172   .038   .039   .165   .224  1.008   .494   .096
  34  76  17  3   .353   .168   .040   .041   .163   .222   .986   .209   .433
  35  77  17  4   .352   .166   .041   .042   .166   .226   .993   .208   .440
  36  78  17  5   .346   .175   .049   .047   .173   .228  1.018   .100   .498
  37  80  17  7   .320   .145   .054   .053   .159   .248   .979   .082   .648
  38  81  17  8   .311   .142   .055   .054   .155   .247   .963   .075   .721
  39  82  18  1   .370   .175   .038   .038   .170   .232  1.024   .494   .100
  40  84  18  3   .353   .168   .040   .041   .164   .222   .988   .209   .439
  41  85  18  4   .352   .167   .041   .042   .167   .227   .996   .208   .444
  42  86  18  5   .346   .175   .049   .047   .174   .229  1.019   .100   .501
  43  88  18  7   .316   .157   .056   .053   .180   .280  1.042   .082   .613
  44  89  18  8   .318   .157   .055   .053   .178   .277  1.038   .075   .602
  45  90  19  1   .370   .173   .033   .034   .154   .222   .986   .494   .088
  46  91  19  2   .363   .174   .033   .035   .156   .225   .986   .364   .190
  47  93  19  4   .362   .166   .034   .034   .145   .215   .957   .208   .283
  48  94  19  5   .356   .174   .042   .039   .153   .217   .981   .100   .369
  49  96  19  7   .319   .156   .054   .051   .170   .280  1.029   .082   .489
  50  97  19  8   .323   .155   .053   .049   .167   .273  1.020   .075   .468
  51  98  20  1   .373   .176   .034   .034   .157   .226  1.000   .494   .124
  52  99  20  2   .365   .177   .033   .035   .159   .230  1.000   .364   .239
  53 101  20  4   .361   .165   .034   .034   .145   .215   .955   .208   .391
  54 102  20  5   .355   .174   .041   .039   .152   .217   .978   .100   .461
  55 104  20  7   .314   .154   .055   .051   .172   .278  1.024   .082   .647
  56 105  20  8   .317   .153   .054   .050   .170   .274  1.017   .075   .639
  57 106  21  1   .373   .176   .036   .036   .161   .231  1.014   .494   .126
  58 107  21  2   .366   .177   .037   .038   .164   .235  1.017   .364   .224
  59 108  21  3   .362   .167   .034   .033   .142   .211   .950   .209   .382
  60 109  21  4   .362   .165   .037   .036   .148   .219   .966   .208   .393
  61 110  21  5   .354   .174   .048   .043   .159   .225  1.003   .100   .463
  62 111  21  6   .360   .174   .041   .036   .145   .212   .968   .084   .461
  63 112  21  7   .323   .152   .059   .053   .172   .281  1.040   .082   .627
  64 113  21  8   .324   .151   .059   .053   .171   .279  1.037   .075   .621
  65 114  22  1   .373   .178   .038   .038   .165   .236  1.027   .494   .127
  66 115  22  2   .367   .179   .039   .040   .168   .241  1.033   .364   .209
  67 116  22  3   .363   .169   .036   .035   .147   .216   .966   .209   .370
  68 117  22  4   .362   .167   .040   .038   .153   .225   .986   .208   .380
  69 122  23  1   .369   .177   .037   .037   .163   .233  1.015   .494   .133
  70 123  23  2   .360   .178   .038   .039   .167   .239  1.022   .364   .234
  71 124  23  3   .365   .171   .036   .036   .151   .221   .981   .209   .393
  72 125  23  4   .361   .167   .039   .037   .149   .220   .973   .208   .429
  73 126  23  5   .358   .169   .042   .039   .150   .218   .974   .100   .488
  74 130  24  1   .368   .178   .040   .039   .167   .237  1.028   .494   .132
  75 131  24  2   .359   .179   .041   .041   .170   .243  1.032   .364   .236
  76 132  24  3   .365   .172   .039   .037   .153   .225   .991   .209   .396
  77 133  24  4   .361   .167   .040   .038   .150   .221   .977   .208   .433
  78 134  24  5   .357   .169   .043   .040   .152   .220   .982   .100   .496
  79 138  25  1   .377   .174   .039   .037   .161   .226  1.015   .494   .132
  80 140  25  3   .367   .171   .039   .037   .153   .223   .990   .209   .450
  81 141  25  4   .365   .167   .040   .038   .150   .219   .978   .208   .490
  82 142  25  5   .360   .169   .044   .040   .152   .219   .984   .100   .548
  83 146  26  1   .378   .175   .041   .039   .165   .228  1.026   .494   .135
  84 148  26  3   .367   .171   .040   .038   .155   .224   .995   .209   .453
  85 149  26  4   .365   .167   .040   .038   .151   .219   .980   .208   .492
  86 150  26  5   .361   .169   .043   .040   .152   .218   .982   .100   .547
  87 154  27  1   .376   .175   .043   .041   .170   .232  1.037   .494   .149
  88 156  27  3   .366   .171   .041   .039   .158   .227  1.002   .209   .471
  89 157  27  4   .366   .168   .039   .038   .152   .220   .983   .208   .485
  90 158  27  5   .351   .171   .052   .046   .164   .230  1.016   .100   .598
  91 162  28  1   .376   .176   .046   .042   .172   .235  1.048   .494   .153
  92 164  28  3   .367   .172   .044   .041   .159   .229  1.011   .209   .470
  93 165  28  4   .368   .169   .042   .039   .152   .221   .991   .208   .484
  94 166  28  5   .352   .172   .055   .048   .165   .232  1.023   .100   .621
  95 172  29  3   .366   .172   .046   .041   .160   .229  1.015   .209   .514
  96 173  29  4   .368   .170   .042   .039   .154   .223   .996   .208   .520
  97 180  30  3   .366   .172   .049   .043   .162   .230  1.022   .209   .515
  98 181  30  4   .368   .170   .045   .040   .155   .224  1.002   .208   .520
  99 188  31  3   .365   .172   .053   .043   .163   .231  1.027   .209   .517
 100 189  31  4   .367   .171   .048   .041   .157   .225  1.008   .208   .522
 101 196  32  3   .365   .172   .054   .044   .163   .231  1.029   .209   .523
 102 197  32  4   .367   .170   .047   .041   .156   .224  1.005   .208   .531
 103 204  33  3   .364   .172   .056   .044   .164   .234  1.035   .209   .528
 104 205  33  4   .367   .170   .047   .041   .156   .224  1.004   .208   .536
 105 212  34  3   .365   .173   .058   .045   .165   .237  1.043   .209   .536
 106 213  34  4   .367   .171   .052   .043   .159   .232  1.024   .208   .534
 107 220  35  3   .364   .173   .060   .046   .166   .239  1.048   .209   .544
 108 221  35  4   .367   .171   .052   .043   .160   .232  1.025   .208   .543
 109 228  36  3   .366   .173   .052   .043   .165   .238  1.036   .209   .548
 110 229  36  4   .368   .172   .047   .041   .161   .234  1.024   .208   .546
 111 236  37  3   .362   .166   .048   .037   .145   .214   .972   .209   .475
 112 237  37  4   .361   .166   .050   .039   .147   .215   .979   .208   .480
 113 238  37  5   .344   .166   .066   .044   .158   .223  1.000   .100   .634
 114 244  38  3   .362   .166   .047   .037   .145   .213   .971   .209   .474
 115 245  38  4   .361   .166   .050   .038   .147   .215   .978   .208   .479
 116 246  38  5   .339   .166   .076   .048   .164   .230  1.023   .100   .663
 117 252  39  3   .363   .166   .045   .037   .144   .213   .968   .209   .468
 118 253  39  4   .361   .166   .053   .040   .149   .217   .986   .208   .481
 119 260  40  3   .363   .166   .045   .037   .144   .212   .967   .209   .478
 120 261  40  4   .361   .167   .054   .040   .149   .218   .988   .208   .490
 121 268  41  3   .364   .165   .044   .036   .144   .211   .965   .209   .478
 122 269  41  4   .358   .167   .061   .043   .153   .222  1.004   .208   .504
 123 276  42  3   .364   .165   .043   .036   .143   .211   .962   .209   .478
 124 277  42  4   .358   .167   .059   .042   .152   .221  1.000   .208   .504
 125 284  43  3   .364   .165   .044   .036   .143   .211   .964   .209   .478
 126 285  43  4   .359   .167   .058   .042   .151   .220   .997   .208   .504
 127 292  44  3   .364   .166   .043   .036   .143   .211   .963   .209   .484
 128 293  44  4   .359   .167   .058   .041   .151   .220   .996   .208   .511
 129 300  45  3   .364   .165   .041   .034   .141   .208   .952   .209   .482
 130 301  45  4   .358   .166   .057   .040   .150   .218   .990   .208   .512

  TotSOL >  1
  Limits: ABS(Sum-1.0) <   .050; Each Fraction >  -.030
  RmsCD(Exp,Cal) <   .250

  SOLUTION AT SECOND STAGE (SELCON2):
  Average Solution From 130  Solutions:

   H(r)   H(d)   S(r)   S(d)   Trn    Unrd   SUM    RRcn
   .354   .168   .045   .042   .159   .229   .997   .487

 Second Part Completed.  The results roughly 
 correspond SELCON2 with three selection rules

     +--------------------------------------------------+
     |  Based on the SOLUTION the Number of SEGMENTS of |
     |   HELICES (Per 100 Residues) are:     4.198      |
     |   STRANDS (Per 100 Residues) are:     2.089      |
     +--------------------------------------------------+


  For YOUR PROTEIN multiply No. of SEGMENTS by
  (Number of Residues) / 100
  e.g., If Number of Residues = 153,  Use a FACTOR of 1.53

  Average Length of Segments Remains as Estimated

     +--------------------------------------------------+
     |  Based on the SOLUTION Obtained                  |
     |   The AVERAGE LENGTH of HELICES :    12.438      |
     |   The AVERAGE LENGTH of STRANDS :     4.167      |
     +--------------------------------------------------+

________________________________________________________________________________



  COMPARISON OF EXPT. AND CALC. CD SPECTRA (Ave. of 130 Solns) OF:  Tri


          LEGEND: **** Calc. CD; oooo Expt. CD; .... Diff. CD
    11.+-------oo-------------------------------------------------+
       |     oo**oo                                               |
       |  oo **   *                                               |
       | o**       o                                              |
       |o*          o                                             |
       o*            o                                            |
       *              *                                           |
       |              o*                                          |
       |               o                                          |
       ..... .....       o                                        |
       +----------..---.-...........-...........-...........-......
       |            ...    o                                 oooooo
       |                    o                            ooo *    |
       |                     oo                       ooo         |
       |                       ooooo ooo*******o ooooo            |
       |                                ooooooo                   |
       |                                                          |
       |                                                          |
       |                                                          |
       |                                                          |
   -11.+-----+-----+-----+-----+-----+-----+-----+-----+-----+----+
       185.  Wavelength at Intervals of: 5.5 nm                  240.



 NRMSD betwen Expt. & Calc. CD=   .090


________________________________________________________________________________


 Now the FOURTH SELECTION RULE is applied to the
 Solutions That SATISFY the first THREE rules.
 The HELIX FRACTION should be with in HLIMITS

 Hmin   .453 Hmax   .553 HelHJ   .477
 HELIX:   .515

 HLIMITS:    .485 --->   .545

   1   1   6  3   .357   .176   .053   .040   .127   .213   .967   .080
   2   2  11  1   .367   .161   .035   .036   .148   .211   .959   .044
   3   3  11  2   .345   .161   .037   .042   .157   .228   .971   .210
   4   4  11  3   .345   .163   .036   .040   .152   .221   .958   .209
   5   5  11  4   .346   .163   .036   .039   .150   .217   .951   .208
   6   6  11  5   .334   .171   .045   .045   .154   .220   .971   .100
   7   7  11  6   .335   .172   .045   .045   .153   .219   .969   .084
   8   8  11  7   .366   .168   .060   .056   .155   .233  1.038   .082
   9   9  12  1   .362   .161   .038   .039   .159   .223   .981   .045
  10  10  12  2   .340   .162   .039   .044   .166   .238   .989   .214
  11  11  12  3   .342   .164   .038   .041   .157   .227   .968   .209
  12  12  12  4   .343   .163   .037   .041   .155   .223   .961   .208
  13  13  12  5   .323   .173   .051   .051   .171   .239  1.008   .100
  14  15  13  1   .366   .165   .038   .039   .160   .229   .997   .076
  15  16  13  3   .341   .161   .037   .041   .158   .225   .964   .209
  16  17  13  4   .341   .160   .037   .041   .157   .223   .959   .208
  17  18  13  5   .323   .173   .051   .051   .171   .238  1.006   .100
  18  20  14  1   .369   .167   .041   .041   .165   .232  1.015   .095
  19  21  14  3   .341   .161   .038   .042   .158   .226   .966   .209
  20  22  14  4   .342   .160   .037   .041   .157   .223   .961   .208
  21  23  14  5   .329   .172   .051   .050   .173   .237  1.013   .100
  22  24  14  6   .322   .170   .054   .053   .182   .246  1.027   .084
  23  25  15  1   .370   .166   .036   .036   .153   .214   .974   .083
  24  26  15  5   .335   .167   .043   .043   .156   .212   .956   .100
  25  27  15  6   .321   .167   .053   .053   .182   .245  1.021   .084
  26  28  16  1   .369   .167   .039   .038   .158   .220   .991   .077
  27  29  16  3   .350   .163   .040   .041   .157   .222   .974   .209
  28  30  16  4   .350   .163   .041   .042   .160   .224   .980   .208
  29  31  16  5   .340   .173   .052   .048   .168   .227  1.007   .100
  30  33  17  1   .369   .172   .038   .039   .165   .224  1.008   .096
  31  34  17  3   .353   .168   .040   .041   .163   .222   .986   .209
  32  35  17  4   .352   .166   .041   .042   .166   .226   .993   .208
  33  36  17  5   .346   .175   .049   .047   .173   .228  1.018   .100
  34  40  18  3   .353   .168   .040   .041   .164   .222   .988   .209
  35  41  18  4   .352   .167   .041   .042   .167   .227   .996   .208
  36  42  18  5   .346   .175   .049   .047   .174   .229  1.019   .100
  37  45  19  1   .370   .173   .033   .034   .154   .222   .986   .088
  38  46  19  2   .363   .174   .033   .035   .156   .225   .986   .190
  39  47  19  4   .362   .166   .034   .034   .145   .215   .957   .208
  40  48  19  5   .356   .174   .042   .039   .153   .217   .981   .100
  41  52  20  2   .365   .177   .033   .035   .159   .230  1.000   .239
  42  53  20  4   .361   .165   .034   .034   .145   .215   .955   .208
  43  54  20  5   .355   .174   .041   .039   .152   .217   .978   .100
  44  58  21  2   .366   .177   .037   .038   .164   .235  1.017   .224
  45  59  21  3   .362   .167   .034   .033   .142   .211   .950   .209
  46  60  21  4   .362   .165   .037   .036   .148   .219   .966   .208
  47  61  21  5   .354   .174   .048   .043   .159   .225  1.003   .100
  48  62  21  6   .360   .174   .041   .036   .145   .212   .968   .084
  49  67  22  3   .363   .169   .036   .035   .147   .216   .966   .209
  50  68  22  4   .362   .167   .040   .038   .153   .225   .986   .208
  51  70  23  2   .360   .178   .038   .039   .167   .239  1.022   .234
  52  71  23  3   .365   .171   .036   .036   .151   .221   .981   .209
  53  72  23  4   .361   .167   .039   .037   .149   .220   .973   .208
  54  73  23  5   .358   .169   .042   .039   .150   .218   .974   .100
  55  75  24  2   .359   .179   .041   .041   .170   .243  1.032   .236
  56  76  24  3   .365   .172   .039   .037   .153   .225   .991   .209
  57  77  24  4   .361   .167   .040   .038   .150   .221   .977   .208
  58  78  24  5   .357   .169   .043   .040   .152   .220   .982   .100
  59  80  25  3   .367   .171   .039   .037   .153   .223   .990   .209
  60  81  25  4   .365   .167   .040   .038   .150   .219   .978   .208
  61  82  25  5   .360   .169   .044   .040   .152   .219   .984   .100
  62  84  26  3   .367   .171   .040   .038   .155   .224   .995   .209
  63  85  26  4   .365   .167   .040   .038   .151   .219   .980   .208
  64  86  26  5   .361   .169   .043   .040   .152   .218   .982   .100
  65  88  27  3   .366   .171   .041   .039   .158   .227  1.002   .209
  66  89  27  4   .366   .168   .039   .038   .152   .220   .983   .208
  67  90  27  5   .351   .171   .052   .046   .164   .230  1.016   .100
  68  92  28  3   .367   .172   .044   .041   .159   .229  1.011   .209
  69  93  28  4   .368   .169   .042   .039   .152   .221   .991   .208
  70  94  28  5   .352   .172   .055   .048   .165   .232  1.023   .100
  71  95  29  3   .366   .172   .046   .041   .160   .229  1.015   .209
  72  96  29  4   .368   .170   .042   .039   .154   .223   .996   .208
  73  97  30  3   .366   .172   .049   .043   .162   .230  1.022   .209
  74  98  30  4   .368   .170   .045   .040   .155   .224  1.002   .208
  75  99  31  3   .365   .172   .053   .043   .163   .231  1.027   .209
  76 100  31  4   .367   .171   .048   .041   .157   .225  1.008   .208
  77 101  32  3   .365   .172   .054   .044   .163   .231  1.029   .209
  78 102  32  4   .367   .170   .047   .041   .156   .224  1.005   .208
  79 103  33  3   .364   .172   .056   .044   .164   .234  1.035   .209
  80 104  33  4   .367   .170   .047   .041   .156   .224  1.004   .208
  81 105  34  3   .365   .173   .058   .045   .165   .237  1.043   .209
  82 106  34  4   .367   .171   .052   .043   .159   .232  1.024   .208
  83 107  35  3   .364   .173   .060   .046   .166   .239  1.048   .209
  84 108  35  4   .367   .171   .052   .043   .160   .232  1.025   .208
  85 109  36  3   .366   .173   .052   .043   .165   .238  1.036   .209
  86 110  36  4   .368   .172   .047   .041   .161   .234  1.024   .208
  87 111  37  3   .362   .166   .048   .037   .145   .214   .972   .209
  88 112  37  4   .361   .166   .050   .039   .147   .215   .979   .208
  89 113  37  5   .344   .166   .066   .044   .158   .223  1.000   .100
  90 114  38  3   .362   .166   .047   .037   .145   .213   .971   .209
  91 115  38  4   .361   .166   .050   .038   .147   .215   .978   .208
  92 116  38  5   .339   .166   .076   .048   .164   .230  1.023   .100
  93 117  39  3   .363   .166   .045   .037   .144   .213   .968   .209
  94 118  39  4   .361   .166   .053   .040   .149   .217   .986   .208
  95 119  40  3   .363   .166   .045   .037   .144   .212   .967   .209
  96 120  40  4   .361   .167   .054   .040   .149   .218   .988   .208
  97 121  41  3   .364   .165   .044   .036   .144   .211   .965   .209
  98 122  41  4   .358   .167   .061   .043   .153   .222  1.004   .208
  99 123  42  3   .364   .165   .043   .036   .143   .211   .962   .209
 100 124  42  4   .358   .167   .059   .042   .152   .221  1.000   .208
 101 125  43  3   .364   .165   .044   .036   .143   .211   .964   .209
 102 126  43  4   .359   .167   .058   .042   .151   .220   .997   .208
 103 127  44  3   .364   .166   .043   .036   .143   .211   .963   .209
 104 128  44  4   .359   .167   .058   .041   .151   .220   .996   .208
 105 129  45  3   .364   .165   .041   .034   .141   .208   .952   .209
 106 130  45  4   .358   .166   .057   .040   .150   .218   .990   .208

 Final Solution: Aver. of106 Solns
 PROT   H(r)   H(d)   S(r)   S(d)   Trn    Unrd   SUM    RRcn
  Tri   .357   .169   .045   .041   .156   .224   .991   .484

________________________________________________________________________________


     +--------------------------------------------------+
     |  Based on the SOLUTION the Number of SEGMENTS of |
     |   HELICES (Per 100 Residues) are:     4.215      |
     |   STRANDS (Per 100 Residues) are:     2.038      |
     +--------------------------------------------------+


  For YOUR PROTEIN multiply No. of SEGMENTS by
  (Number of Residues) / 100
  e.g., If Number of Residues = 153,  Use a FACTOR of 1.53

  Average Length of Segments Remains as Estimated

     +--------------------------------------------------+
     |  Based on the SOLUTION Obtained                  |
     |   The AVERAGE LENGTH of HELICES :    12.469      |
     |   The AVERAGE LENGTH of STRANDS :     4.196      |
     +--------------------------------------------------+

________________________________________________________________________________



  COMPARISON OF EXPT. AND CALC. CD SPECTRA (Average of106 Solutions) OF:  Tri


          LEGEND: **** Calc. CD; oooo Expt. CD; .... Diff. CD
    11.+-------oo-------------------------------------------------+
       |     oo**oo                                               |
       |  oo **   *                                               |
       | o**       o*                                             |
       |o*          o                                             |
       o*            o                                            |
       *              *                                           |
       |              o*                                          |
       |               o                                          |
       ..... .....       o                                        |
       +----------..---.-...........-...........-...........-......
       |            ...    o                                 oooooo
       |                    o                            ooo *    |
       |                     oo                       ooo         |
       |                       ooooo ooo*******o ooooo            |
       |                                ooooooo                   |
       |                                                          |
       |                                        